[2021-05-13T15:47:57.194] [DEBUG] sendMail - Email enviado: 250 2.0.0 Ok: queued
[2021-05-13T15:49:05.969] [DEBUG] sendMail - Email enviado: 250 2.0.0 Ok: queued
[2021-05-13T15:51:39.993] [DEBUG] sendMail - Email enviado: 250 2.0.0 Ok: queued
[2021-05-13T15:52:02.154] [DEBUG] sendMail - Email enviado: 250 2.0.0 Ok: queued
[2021-07-04T17:14:42.643] [INFO] sendMail - Email enviado: 250 2.0.0 Ok: queued
[2021-07-05T17:01:26.024] [INFO] sendMail - Email enviado: 250 2.0.0 Ok: queued
[2021-07-05T17:06:57.304] [INFO] sendMail - Email enviado: 250 2.0.0 Ok: queued
[2021-07-05T17:24:53.137] [INFO] sendMail - Email enviado: 250 2.0.0 Ok: queued
[2021-07-05T17:26:48.677] [INFO] sendMail - Email enviado: 250 2.0.0 Ok: queued
[2021-07-05T18:16:05.937] [INFO] sendMail - Email enviado: 250 2.0.0 Ok: queued
[2021-07-05T18:17:46.923] [INFO] sendMail - Email enviado: 250 2.0.0 Ok: queued
[2021-07-06T11:08:36.869] [INFO] sendMail - Email enviado: 250 2.0.0 Ok: queued
[2021-07-06T12:00:50.160] [INFO] sendMail - Email enviado: 250 2.0.0 Ok: queued
[2021-07-06T12:22:19.844] [INFO] sendMail - Email enviado: 250 2.0.0 Ok: queued
[2021-07-06T12:58:19.821] [INFO] sendMail - Email enviado: 250 2.0.0 Ok: queued
[2021-07-06T13:13:42.849] [INFO] sendMail - Email enviado: 250 2.0.0 Ok: queued
[2021-07-06T13:34:04.712] [INFO] sendMail - Email enviado: 250 2.0.0 Ok: queued
[2021-07-06T14:06:03.555] [INFO] sendMail - Email enviado: 250 2.0.0 Ok: queued
[2021-07-06T14:07:13.657] [INFO] sendMail - Email enviado: 250 2.0.0 Ok: queued
[2021-07-06T14:42:49.920] [INFO] sendMail - Email messageId: <e3bbb4ff-8ec1-2ac4-7b2b-f4177309dc50@gmail.com>
[2021-07-06T14:42:49.917] [INFO] sendMail - Email Respuesta: 250 2.0.0 Ok: queued
[2021-07-06T14:59:24.022] [INFO] sendMail - Email messageId: <52ad53e4-e07d-7e16-9de6-fd4c54aa2435@gmail.com>
[2021-07-06T14:59:24.020] [INFO] sendMail - Email Respuesta: 250 2.0.0 Ok: queued
[2021-07-06T16:18:33.737] [INFO] sendMail - Email Respuesta: 250 2.0.0 Ok: queued
[2021-07-06T16:18:33.740] [INFO] sendMail - Email messageId: <a5db8474-722b-1be3-847d-3ec2a65dded1@gmail.com>
[2021-07-06T16:19:41.350] [INFO] sendMail - Email Respuesta: 250 2.0.0 Ok: queued
[2021-07-06T16:19:41.354] [INFO] sendMail - Email messageId: <96deae94-71eb-0382-8887-4b958d36517f@gmail.com>
[2021-07-22T17:35:23.842] [INFO] sendMail - Email Respuesta: 250 2.0.0 Ok: queued
[2021-07-22T17:35:23.849] [INFO] sendMail - Email messageId: <ecb4d9e4-d26a-d389-7ac8-6842c6b03b1a@gmail.com>
[2021-07-22T18:29:35.011] [INFO] sendMail - Email Respuesta: 250 2.0.0 Ok: queued
[2021-07-22T18:29:35.019] [INFO] sendMail - Email messageId: <597aba11-7004-047c-d4da-87efcfad73a6@gmail.com>
[2021-07-22T18:33:18.261] [INFO] sendMail - Email Respuesta: 250 2.0.0 Ok: queued
[2021-07-22T18:33:18.266] [INFO] sendMail - Email messageId: <44cee638-4312-455b-3559-b2df9504c76a@gmail.com>
[2021-07-22T18:37:43.807] [INFO] sendMail - Email Respuesta: 250 2.0.0 Ok: queued
[2021-07-22T18:37:43.810] [INFO] sendMail - Email messageId: <b77dbdc6-429f-27ff-e6c1-016c62e51b77@gmail.com>
[2021-07-26T19:20:02.922] [INFO] sendMail - Email Respuesta: 250 2.0.0 Ok: queued
[2021-07-26T19:20:02.927] [INFO] sendMail - Email messageId: <3b171ba9-64a0-4f95-b459-428cd0695581@gmail.com>
[2021-07-27T20:13:44.947] [INFO] sendMail - Email Respuesta: 250 2.0.0 Ok: queued
[2021-07-27T20:13:44.954] [INFO] sendMail - Email messageId: <bc2a68b1-d3be-2927-0dc0-72ea58cf6f29@gmail.com>
[2021-07-27T22:19:57.069] [INFO] sendMail - Email Respuesta: 250 2.0.0 Ok: queued
[2021-07-27T22:19:57.078] [INFO] sendMail - Email messageId: <e0129cfc-4d74-ee88-2ccb-9948fdf6d9b7@gmail.com>
[2021-08-24T17:42:45.482] [INFO] sendMail - Email Respuesta: 250 2.0.0 Ok: queued
[2021-08-24T17:42:45.489] [INFO] sendMail - Email messageId: <1b37d6ad-30d0-dfaf-989f-6e2bfaf39c22@gmail.com>
[2021-08-24T18:00:17.319] [INFO] sendMail - Email Respuesta: 250 2.0.0 Ok: queued
[2021-08-24T18:00:17.327] [INFO] sendMail - Email messageId: <458052d9-0530-62f1-dd68-8d6eea74a389@gmail.com>
[2021-08-24T18:05:47.465] [INFO] sendMail - Email Respuesta: 250 2.0.0 Ok: queued
[2021-08-24T18:05:47.473] [INFO] sendMail - Email messageId: <e9adbb9f-da34-a721-012a-4a32599a0b19@gmail.com>
[2021-08-25T12:07:37.592] [INFO] sendMail - Email Respuesta: 250 2.0.0 Ok: queued
[2021-08-25T12:07:37.608] [INFO] sendMail - Email messageId: <4b53502f-1a48-849a-c35a-78819225a137@gmail.com>
[2021-08-25T12:12:04.126] [INFO] sendMail - Email Respuesta: 250 2.0.0 Ok: queued
[2021-08-25T12:12:04.132] [INFO] sendMail - Email messageId: <2807f60d-f5ae-4dfc-800d-ed5c402be3a0@gmail.com>
